<?xml version="1.0" encoding="UTF-8"?>
<!-- Generated by org.testng.reporters.JUnitReportReporter -->
<testsuite hostname="DESKTOP-FV41P2H" failures="0" tests="7" name="com.tutorialsninja.testcases.LoginTest" time="95.106" errors="0" timestamp="2024-04-24T17:51:39 IST" skipped="0">
  <testcase classname="com.tutorialsninja.testcases.LoginTest" name="verifyWithValidCredentials" time="15.455"/>
  <testcase classname="com.tutorialsninja.testcases.LoginTest" name="verifyWithValidCredentials" time="13.777"/>
  <testcase classname="com.tutorialsninja.testcases.LoginTest" name="verifyWithValidCredentials" time="15.454"/>
  <testcase classname="com.tutorialsninja.testcases.LoginTest" name="verifyWithInvalidCredentials" time="15.186"/>
  <testcase classname="com.tutorialsninja.testcases.LoginTest" name="verifyLoginWithInvalidEmailandValidPassword" time="12.744"/>
  <testcase classname="com.tutorialsninja.testcases.LoginTest" name="verifyWithValidEmailAndInvalidPassword" time="11.350"/>
  <testcase classname="com.tutorialsninja.testcases.LoginTest" name="verifyLoginWithoutProvidingCredentials" time="11.140"/>
</testsuite> <!-- com.tutorialsninja.testcases.LoginTest -->
