<?xml version="1.0" encoding="UTF-8"?>
<!-- Generated by org.testng.reporters.JUnitReportReporter -->
<testsuite hostname="DESKTOP-FV41P2H" failures="0" tests="7" name="com.tutorialsninja.testcases.Login" time="77.887" errors="0" timestamp="2024-04-18T17:48:05 IST" skipped="0">
  <testcase classname="com.tutorialsninja.testcases.Login" name="verifyWithValidCredentials" time="10.694"/>
  <testcase classname="com.tutorialsninja.testcases.Login" name="verifyWithValidCredentials" time="11.338"/>
  <testcase classname="com.tutorialsninja.testcases.Login" name="verifyWithValidCredentials" time="10.396"/>
  <testcase classname="com.tutorialsninja.testcases.Login" name="verifyWithInvalidCredentials" time="12.075"/>
  <testcase classname="com.tutorialsninja.testcases.Login" name="verifyLoginWithInvalidEmailandValidPassword" time="9.749"/>
  <testcase classname="com.tutorialsninja.testcases.Login" name="verifyWithValidEmailAndInvalidPassword" time="12.392"/>
  <testcase classname="com.tutorialsninja.testcases.Login" name="verifyLoginWithoutProvidingCredentials" time="11.243"/>
</testsuite> <!-- com.tutorialsninja.testcases.Login -->
