<?xml version="1.0" encoding="UTF-8"?>
<!-- Generated by org.testng.reporters.JUnitReportReporter -->
<testsuite hostname="DESKTOP-FV41P2H" failures="0" tests="3" name="com.tutorialsninja.testcases.Search" time="31.359" errors="0" timestamp="2024-04-18T17:48:05 IST" skipped="0">
  <testcase classname="com.tutorialsninja.testcases.Search" name="verifySearchWithValidProduct" time="9.002"/>
  <testcase classname="com.tutorialsninja.testcases.Search" name="verifySearchWithInvalidProduct" time="12.378"/>
  <testcase classname="com.tutorialsninja.testcases.Search" name="verifySearchWithoutAnyProduct" time="9.979"/>
</testsuite> <!-- com.tutorialsninja.testcases.Search -->
