<?xml version="1.0" encoding="UTF-8"?>
<!-- Generated by org.testng.reporters.JUnitReportReporter -->
<testsuite hostname="DESKTOP-FV41P2H" failures="0" tests="3" name="com.tutorialsninja.testcases.SearchTest" time="42.938" errors="0" timestamp="2024-04-24T17:51:39 IST" skipped="0">
  <testcase classname="com.tutorialsninja.testcases.SearchTest" name="verifySearchWithValidProduct" time="14.910"/>
  <testcase classname="com.tutorialsninja.testcases.SearchTest" name="verifySearchWithInvalidProduct" time="14.464"/>
  <testcase classname="com.tutorialsninja.testcases.SearchTest" name="verifySearchWithoutAnyProduct" time="13.564"/>
</testsuite> <!-- com.tutorialsninja.testcases.SearchTest -->
