<?xml version="1.0" encoding="UTF-8"?>
<!-- Generated by org.testng.reporters.JUnitReportReporter -->
<testsuite hostname="DESKTOP-FV41P2H" failures="0" tests="4" name="com.tutorialsninja.testcases.Register" time="50.596" errors="0" timestamp="2024-04-18T17:48:05 IST" skipped="0">
  <testcase classname="com.tutorialsninja.testcases.Register" name="verifyRegisteringAnAccountWithMandatoryFields" time="14.074"/>
  <testcase classname="com.tutorialsninja.testcases.Register" name="verifyRegisteringAccountByProvidingAllFields" time="13.320"/>
  <testcase classname="com.tutorialsninja.testcases.Register" name="verifyRegisteredAccountWithExistingEmailAddressField" time="12.711"/>
  <testcase classname="com.tutorialsninja.testcases.Register" name="verifyRegisteredAccountWithoutFillingAnyDetails" time="10.491"/>
</testsuite> <!-- com.tutorialsninja.testcases.Register -->
